Performing C SOURCE FILE Test CMAKE_HAVE_LIBC_PTHREAD failed with the following output:
Change Dir: /workspace/build/CMakeFiles/CMakeTmp

Run Build Command(s):/usr/bin/make -f Makefile cmTC_260e5/fast && /usr/bin/make  -f CMakeFiles/cmTC_260e5.dir/build.make CMakeFiles/cmTC_260e5.dir/build
make[1]: Entering directory '/workspace/build/CMakeFiles/CMakeTmp'
Building C object CMakeFiles/cmTC_260e5.dir/src.c.o
/usr/bin/cc -DCMAKE_HAVE_LIBC_PTHREAD  -fPIE -o CMakeFiles/cmTC_260e5.dir/src.c.o -c /workspace/build/CMakeFiles/CMakeTmp/src.c
Linking C executable cmTC_260e5
/usr/local/bin/cmake -E cmake_link_script CMakeFiles/cmTC_260e5.dir/link.txt --verbose=1
/usr/bin/cc CMakeFiles/cmTC_260e5.dir/src.c.o -o cmTC_260e5 
/usr/bin/ld: CMakeFiles/cmTC_260e5.dir/src.c.o: in function `main':
src.c:(.text+0x34): undefined reference to `pthread_create'
/usr/bin/ld: src.c:(.text+0x3c): undefined reference to `pthread_detach'
/usr/bin/ld: src.c:(.text+0x44): undefined reference to `pthread_cancel'
/usr/bin/ld: src.c:(.text+0x50): undefined reference to `pthread_join'
collect2: error: ld returned 1 exit status
make[1]: *** [CMakeFiles/cmTC_260e5.dir/build.make:99: cmTC_260e5] Error 1
make[1]: Leaving directory '/workspace/build/CMakeFiles/CMakeTmp'
make: *** [Makefile:127: cmTC_260e5/fast] Error 2


Source file was:
#include <pthread.h>

static void* test_func(void* data)
{
  return data;
}

int main(void)
{
  pthread_t thread;
  pthread_create(&thread, NULL, test_func, NULL);
  pthread_detach(thread);
  pthread_cancel(thread);
  pthread_join(thread, NULL);
  pthread_atfork(NULL, NULL, NULL);
  pthread_exit(NULL);

  return 0;
}

Determining if the function pthread_create exists in the pthreads failed with the following output:
Change Dir: /workspace/build/CMakeFiles/CMakeTmp

Run Build Command(s):/usr/bin/make -f Makefile cmTC_f673e/fast && make[1]: Entering directory '/workspace/build/CMakeFiles/CMakeTmp'
/usr/bin/make  -f CMakeFiles/cmTC_f673e.dir/build.make CMakeFiles/cmTC_f673e.dir/build
make[2]: Entering directory '/workspace/build/CMakeFiles/CMakeTmp'
Building C object CMakeFiles/cmTC_f673e.dir/CheckFunctionExists.c.o
/usr/bin/cc   -DCHECK_FUNCTION_EXISTS=pthread_create -o CMakeFiles/cmTC_f673e.dir/CheckFunctionExists.c.o -c /usr/local/share/cmake-3.24/Modules/CheckFunctionExists.c
Linking C executable cmTC_f673e
/usr/local/bin/cmake -E cmake_link_script CMakeFiles/cmTC_f673e.dir/link.txt --verbose=1
/usr/bin/cc  -DCHECK_FUNCTION_EXISTS=pthread_create CMakeFiles/cmTC_f673e.dir/CheckFunctionExists.c.o -o cmTC_f673e  -lpthreads 
/usr/bin/ld: cannot find -lpthreads
collect2: error: ld returned 1 exit status
make[2]: *** [CMakeFiles/cmTC_f673e.dir/build.make:99: cmTC_f673e] Error 1
make[2]: Leaving directory '/workspace/build/CMakeFiles/CMakeTmp'
make[1]: *** [Makefile:127: cmTC_f673e/fast] Error 2
make[1]: Leaving directory '/workspace/build/CMakeFiles/CMakeTmp'



